<?xml version="1.0" encoding="UTF-8"?>
<!-- Generated by org.testng.reporters.JUnitXMLReporter -->
<testsuite ignored="6" hostname="LAPTOP-80GLBEN5" failures="0" tests="1" name="Default test" time="14.092" errors="0" timestamp="2022-03-20T07:37:31 IST">
  <testcase classname="testPackage.SampleTests" name="sortElementsCheck" time="12.903"/>
  <testcase classname="testPackage.SampleTests" name="navigate" time="0.0">
    <ignored/>
  </testcase> <!-- navigate -->
  <testcase classname="testPackage.SampleTests" name="refreshCheck" time="0.0">
    <ignored/>
  </testcase> <!-- refreshCheck -->
  <testcase classname="testPackage.SampleTests" name="performOperations" time="0.0">
    <ignored/>
  </testcase> <!-- performOperations -->
  <testcase classname="testPackage.SampleTests" name="detailsOfWebpage" time="0.0">
    <ignored/>
  </testcase> <!-- detailsOfWebpage -->
  <testcase classname="testPackage.SampleTests" name="ensureURL" time="0.0">
    <ignored/>
  </testcase> <!-- ensureURL -->
  <testcase classname="testPackage.SampleTests" name="inputCheck" time="0.0">
    <ignored/>
  </testcase> <!-- inputCheck -->
</testsuite> <!-- Default test -->
