<?xml version="1.0" encoding="UTF-8"?>
<!-- Generated by org.testng.reporters.JUnitXMLReporter -->
<testsuite ignored="6" hostname="LTIN344470" failures="0" tests="1" name="Default test" time="18.535" errors="0" timestamp="2022-03-11T09:13:33 IST">
  <testcase classname="testPackage.SampleTests" name="navigate" time="18.079"/>
  <testcase classname="testPackage.SampleTests" name="detailsOfWebpage" time="0.0">
    <ignored/>
  </testcase> <!-- detailsOfWebpage -->
  <testcase classname="testPackage.SampleTests" name="inputCheck" time="0.0">
    <ignored/>
  </testcase> <!-- inputCheck -->
  <testcase classname="testPackage.SampleTests" name="ensureURL" time="0.0">
    <ignored/>
  </testcase> <!-- ensureURL -->
  <testcase classname="testPackage.SampleTests" name="refreshCheck" time="0.0">
    <ignored/>
  </testcase> <!-- refreshCheck -->
  <testcase classname="testPackage.SampleTests" name="performOperations" time="0.0">
    <ignored/>
  </testcase> <!-- performOperations -->
  <testcase classname="testPackage.SampleTests" name="alertCheck" time="0.0">
    <ignored/>
  </testcase> <!-- alertCheck -->
</testsuite> <!-- Default test -->
