<?xml version="1.0" encoding="UTF-8"?>
<testng-results ignored="6" total="7" passed="1" failed="0" skipped="0">
  <reporter-output>
  </reporter-output>
  <suite started-at="2022-03-11T09:13:14 IST" name="Default suite" finished-at="2022-03-11T09:13:33 IST" duration-ms="18535">
    <groups>
    </groups>
    <test started-at="2022-03-11T09:13:14 IST" name="Default test" finished-at="2022-03-11T09:13:33 IST" duration-ms="18535">
      <class name="testPackage.SampleTests">
        <test-method is-config="true" signature="beforeMethod()[pri:0, instance:testPackage.SampleTests@2d710f1a]" started-at="2022-03-11T09:13:14 IST" name="beforeMethod" finished-at="2022-03-11T09:13:14 IST" duration-ms="151" status="PASS">
          <reporter-output>
          </reporter-output>
        </test-method> <!-- beforeMethod -->
        <test-method signature="navigate(java.lang.String)[pri:5, instance:testPackage.SampleTests@2d710f1a]" started-at="2022-03-11T09:13:14 IST" name="navigate" data-provider="browserDecider" finished-at="2022-03-11T09:13:32 IST" duration-ms="18079" status="PASS">
          <params>
            <param index="0">
              <value>
                <![CDATA[chrome]]>
              </value>
            </param>
          </params>
          <reporter-output>
          </reporter-output>
        </test-method> <!-- navigate -->
        <test-method is-config="true" signature="afterMethod()[pri:0, instance:testPackage.SampleTests@2d710f1a]" started-at="2022-03-11T09:13:32 IST" name="afterMethod" finished-at="2022-03-11T09:13:33 IST" duration-ms="260" status="PASS">
          <reporter-output>
          </reporter-output>
        </test-method> <!-- afterMethod -->
      </class> <!-- testPackage.SampleTests -->
    </test> <!-- Default test -->
  </suite> <!-- Default suite -->
</testng-results>
